f:\i,me\程序设计实践\mymail\mymail\debug\mymail.pch
f:\i,me\程序设计实践\mymail\mymail\debug\vc120.pdb
f:\i,me\程序设计实践\mymail\mymail\debug\vc120.idb
f:\i,me\程序设计实践\mymail\mymail\debug\stdafx.obj
f:\i,me\程序设计实践\mymail\mymail\debug\mymail.obj
f:\i,me\程序设计实践\mymail\mymail\debug\mymaildlg.obj
f:\i,me\程序设计实践\mymail\mymail\debug\smtpmail.obj
f:\i,me\程序设计实践\mymail\mymail\debug\smtpset.obj
f:\i,me\程序设计实践\mymail\debug\mymail.ilk
f:\i,me\程序设计实践\mymail\debug\mymail.exe
f:\i,me\程序设计实践\mymail\debug\mymail.pdb
f:\i,me\程序设计实践\mymail\mymail\debug\mymail.res
f:\i,me\程序设计实践\mymail\mymail\debug\mymail.tlog\cl.command.1.tlog
f:\i,me\程序设计实践\mymail\mymail\debug\mymail.tlog\cl.read.1.tlog
f:\i,me\程序设计实践\mymail\mymail\debug\mymail.tlog\cl.write.1.tlog
f:\i,me\程序设计实践\mymail\mymail\debug\mymail.tlog\link.command.1.tlog
f:\i,me\程序设计实践\mymail\mymail\debug\mymail.tlog\link.read.1.tlog
f:\i,me\程序设计实践\mymail\mymail\debug\mymail.tlog\link.write.1.tlog
f:\i,me\程序设计实践\mymail\mymail\debug\mymail.tlog\rc.command.1.tlog
f:\i,me\程序设计实践\mymail\mymail\debug\mymail.tlog\rc.read.1.tlog
f:\i,me\程序设计实践\mymail\mymail\debug\mymail.tlog\rc.write.1.tlog
